2017-02-02 16:15:04-Forwarding executeScript on session dfb4c2c6de240f5f3e65529f14e46b06 to remote--INFO -org.apache.http.impl.execchain.RetryExec:I/O exception (java.net.SocketException) caught when processing request to {}->http://localhost:35301: No buffer space available (maximum connections reached?): connect
2017-02-02 16:15:04-Forwarding executeScript on session dfb4c2c6de240f5f3e65529f14e46b06 to remote--INFO -org.apache.http.impl.execchain.RetryExec:Retrying request to {}->http://localhost:35301
2017-02-02 16:15:05-Forwarding executeScript on session dfb4c2c6de240f5f3e65529f14e46b06 to remote--INFO -org.apache.http.impl.execchain.RetryExec:I/O exception (java.net.SocketException) caught when processing request to {}->http://localhost:35301: No buffer space available (maximum connections reached?): connect
2017-02-02 16:15:05-Forwarding executeScript on session dfb4c2c6de240f5f3e65529f14e46b06 to remote--INFO -org.apache.http.impl.execchain.RetryExec:Retrying request to {}->http://localhost:35301
2017-02-02 16:15:05-Forwarding executeScript on session dfb4c2c6de240f5f3e65529f14e46b06 to remote--INFO -org.apache.http.impl.execchain.RetryExec:I/O exception (java.net.SocketException) caught when processing request to {}->http://localhost:35301: No buffer space available (maximum connections reached?): connect
2017-02-02 16:15:05-Forwarding executeScript on session dfb4c2c6de240f5f3e65529f14e46b06 to remote--INFO -org.apache.http.impl.execchain.RetryExec:Retrying request to {}->http://localhost:35301
2017-02-02 16:15:05-Forwarding screenshot on session dfb4c2c6de240f5f3e65529f14e46b06 to remote--INFO -org.apache.http.impl.execchain.RetryExec:I/O exception (java.net.SocketException) caught when processing request to {}->http://localhost:35301: No buffer space available (maximum connections reached?): connect
2017-02-02 16:15:05-Forwarding screenshot on session dfb4c2c6de240f5f3e65529f14e46b06 to remote--INFO -org.apache.http.impl.execchain.RetryExec:Retrying request to {}->http://localhost:35301
2017-02-02 16:15:05-Forwarding screenshot on session dfb4c2c6de240f5f3e65529f14e46b06 to remote--INFO -org.apache.http.impl.execchain.RetryExec:I/O exception (java.net.SocketException) caught when processing request to {}->http://localhost:35301: No buffer space available (maximum connections reached?): connect
2017-02-02 16:15:05-Forwarding screenshot on session dfb4c2c6de240f5f3e65529f14e46b06 to remote--INFO -org.apache.http.impl.execchain.RetryExec:Retrying request to {}->http://localhost:35301
2017-02-02 16:15:05-Forwarding screenshot on session dfb4c2c6de240f5f3e65529f14e46b06 to remote--INFO -org.apache.http.impl.execchain.RetryExec:I/O exception (java.net.SocketException) caught when processing request to {}->http://localhost:35301: No buffer space available (maximum connections reached?): connect
2017-02-02 16:15:05-Forwarding screenshot on session dfb4c2c6de240f5f3e65529f14e46b06 to remote--INFO -org.apache.http.impl.execchain.RetryExec:Retrying request to {}->http://localhost:35301
2017-02-02 16:15:05-Forwarding findElement on session dfb4c2c6de240f5f3e65529f14e46b06 to remote--INFO -org.apache.http.impl.execchain.RetryExec:I/O exception (java.net.SocketException) caught when processing request to {}->http://localhost:35301: No buffer space available (maximum connections reached?): connect
2017-02-02 16:15:05-Forwarding findElement on session dfb4c2c6de240f5f3e65529f14e46b06 to remote--INFO -org.apache.http.impl.execchain.RetryExec:Retrying request to {}->http://localhost:35301
2017-02-02 16:15:05-Forwarding findElement on session dfb4c2c6de240f5f3e65529f14e46b06 to remote--INFO -org.apache.http.impl.execchain.RetryExec:I/O exception (java.net.SocketException) caught when processing request to {}->http://localhost:35301: No buffer space available (maximum connections reached?): connect
2017-02-02 16:15:05-Forwarding findElement on session dfb4c2c6de240f5f3e65529f14e46b06 to remote--INFO -org.apache.http.impl.execchain.RetryExec:Retrying request to {}->http://localhost:35301
2017-02-02 16:15:05-Forwarding findElement on session dfb4c2c6de240f5f3e65529f14e46b06 to remote--INFO -org.apache.http.impl.execchain.RetryExec:I/O exception (java.net.SocketException) caught when processing request to {}->http://localhost:35301: No buffer space available (maximum connections reached?): connect
2017-02-02 16:15:05-Forwarding findElement on session dfb4c2c6de240f5f3e65529f14e46b06 to remote--INFO -org.apache.http.impl.execchain.RetryExec:Retrying request to {}->http://localhost:35301
2017-02-02 16:15:05-Forwarding screenshot on session dfb4c2c6de240f5f3e65529f14e46b06 to remote--INFO -org.apache.http.impl.execchain.RetryExec:I/O exception (java.net.SocketException) caught when processing request to {}->http://localhost:35301: No buffer space available (maximum connections reached?): connect
2017-02-02 16:15:05-Forwarding screenshot on session dfb4c2c6de240f5f3e65529f14e46b06 to remote--INFO -org.apache.http.impl.execchain.RetryExec:Retrying request to {}->http://localhost:35301
2017-02-02 16:15:05-Forwarding screenshot on session dfb4c2c6de240f5f3e65529f14e46b06 to remote--INFO -org.apache.http.impl.execchain.RetryExec:I/O exception (java.net.SocketException) caught when processing request to {}->http://localhost:35301: No buffer space available (maximum connections reached?): connect
2017-02-02 16:15:05-Forwarding screenshot on session dfb4c2c6de240f5f3e65529f14e46b06 to remote--INFO -org.apache.http.impl.execchain.RetryExec:Retrying request to {}->http://localhost:35301
2017-02-02 16:15:05-Forwarding screenshot on session dfb4c2c6de240f5f3e65529f14e46b06 to remote--INFO -org.apache.http.impl.execchain.RetryExec:I/O exception (java.net.SocketException) caught when processing request to {}->http://localhost:35301: No buffer space available (maximum connections reached?): connect
2017-02-02 16:15:05-Forwarding screenshot on session dfb4c2c6de240f5f3e65529f14e46b06 to remote--INFO -org.apache.http.impl.execchain.RetryExec:Retrying request to {}->http://localhost:35301
2017-02-02 16:15:05-Forwarding quit on session dfb4c2c6de240f5f3e65529f14e46b06 to remote--INFO -org.apache.http.impl.execchain.RetryExec:I/O exception (java.net.SocketException) caught when processing request to {}->http://localhost:35301: No buffer space available (maximum connections reached?): connect
2017-02-02 16:15:05-Forwarding quit on session dfb4c2c6de240f5f3e65529f14e46b06 to remote--INFO -org.apache.http.impl.execchain.RetryExec:Retrying request to {}->http://localhost:35301
2017-02-02 16:15:05-Forwarding quit on session dfb4c2c6de240f5f3e65529f14e46b06 to remote--INFO -org.apache.http.impl.execchain.RetryExec:I/O exception (java.net.SocketException) caught when processing request to {}->http://localhost:35301: No buffer space available (maximum connections reached?): connect
2017-02-02 16:15:05-Forwarding quit on session dfb4c2c6de240f5f3e65529f14e46b06 to remote--INFO -org.apache.http.impl.execchain.RetryExec:Retrying request to {}->http://localhost:35301
2017-02-02 16:15:05-Forwarding quit on session dfb4c2c6de240f5f3e65529f14e46b06 to remote--INFO -org.apache.http.impl.execchain.RetryExec:I/O exception (java.net.SocketException) caught when processing request to {}->http://localhost:35301: No buffer space available (maximum connections reached?): connect
2017-02-02 16:15:05-Forwarding quit on session dfb4c2c6de240f5f3e65529f14e46b06 to remote--INFO -org.apache.http.impl.execchain.RetryExec:Retrying request to {}->http://localhost:35301
